[debug] [2025-11-16T03:34:25.059Z] ----------------------------------------------------------------------
[debug] [2025-11-16T03:34:25.061Z] Command:       /Users/harshkumar/.nvm/versions/node/v20.19.2/bin/node /Users/harshkumar/.nvm/versions/node/v20.19.2/bin/firebase init apphosting
[debug] [2025-11-16T03:34:25.061Z] CLI Version:   14.17.0
[debug] [2025-11-16T03:34:25.061Z] Platform:      darwin
[debug] [2025-11-16T03:34:25.061Z] Node Version:  v20.19.2
[debug] [2025-11-16T03:34:25.061Z] Time:          Sun Nov 16 2025 09:04:25 GMT+0530 (India Standard Time)
[debug] [2025-11-16T03:34:25.061Z] ----------------------------------------------------------------------
[debug] 
[debug] [2025-11-16T03:34:25.064Z] > command requires scopes: ["email","openid","https://www.googleapis.com/auth/cloudplatformprojects.readonly","https://www.googleapis.com/auth/firebase","https://www.googleapis.com/auth/cloud-platform"]
[debug] [2025-11-16T03:34:25.064Z] > authorizing via signed-in user (harshgaya42@gmail.com)
[info] 
     ######## #### ########  ######## ########     ###     ######  ########
     ##        ##  ##     ## ##       ##     ##  ##   ##  ##       ##
     ######    ##  ########  ######   ########  #########  ######  ######
     ##        ##  ##    ##  ##       ##     ## ##     ##       ## ##
     ##       #### ##     ## ######## ########  ##     ##  ######  ########

You're about to initialize a Firebase project in this directory:

  /Volumes/MySSD/development/Freelancing Projects/rb-iit-neet-book

Before we get started, keep in mind:

  * You are currently outside your home directory

[info] 
=== Project Setup
[info] 
[info] First, let's associate this project directory with a Firebase project.
[info] You can create multiple project aliases by running firebase use --add, 
[info] but for now we'll just set up a default project.
[info] 
[debug] [2025-11-16T03:34:35.372Z] ExitPromptError: User force closed the prompt with SIGINT
    at Interface.sigint (/Users/harshkumar/.nvm/versions/node/v20.19.2/lib/node_modules/firebase-tools/node_modules/@inquirer/core/dist/commonjs/lib/create-prompt.js:101:37)
    at Interface.emit (node:events:524:28)
    at Interface.emit (node:domain:489:12)
    at [_ttyWrite] [as _ttyWrite] (node:internal/readline/interface:1125:18)
    at ReadStream.onkeypress (node:internal/readline/interface:264:20)
    at ReadStream.emit (node:events:536:35)
    at ReadStream.emit (node:domain:489:12)
    at emitKeys (node:internal/readline/utils:371:14)
    at emitKeys.next (<anonymous>)
    at ReadStream.onData (node:internal/readline/emitKeypressEvents:64:36)
[error] 
[error] Error: An unexpected error has occurred.
